Library/Bee/Android/Prj/Mono2x/Gradle/launcher/build/intermediates/manifest_merge_blame_file/release/manifest-merger-blame-release-report.txt
1<?xml version="1.0" encoding="utf-8"?>
2<manifest xmlns:android="http://schemas.android.com/apk/res/android"
3    package="com.UnityTechnologies.com.unity.template.urpblank"
4    android:installLocation="preferExternal"
5    android:versionCode="1"
6    android:versionName="0.1.0" >
7
8    <uses-sdk
9        android:minSdkVersion="22"
9-->src\main\AndroidManifest.xml
10        android:targetSdkVersion="35" />
10-->src\main\AndroidManifest.xml
11
12    <supports-screens
12-->src\main\AndroidManifest.xml:4:3-163
13        android:anyDensity="true"
13-->src\main\AndroidManifest.xml:4:135-160
14        android:largeScreens="true"
14-->src\main\AndroidManifest.xml:4:78-105
15        android:normalScreens="true"
15-->src\main\AndroidManifest.xml:4:49-77
16        android:smallScreens="true"
16-->src\main\AndroidManifest.xml:4:21-48
17        android:xlargeScreens="true" />
17-->src\main\AndroidManifest.xml:4:106-134
18
19    <uses-permission android:name="android.permission.INTERNET" />
19-->[:unityLibrary] AndroidManifest.xml:8:5-67
19-->[:unityLibrary] AndroidManifest.xml:8:22-64
20    <uses-permission android:name="android.permission.ACCESS_FINE_LOCATION" />
20-->[:unityLibrary] AndroidManifest.xml:9:5-79
20-->[:unityLibrary] AndroidManifest.xml:9:22-76
21    <uses-permission android:name="android.permission.ACCESS_COARSE_LOCATION" />
21-->[:unityLibrary] AndroidManifest.xml:10:5-81
21-->[:unityLibrary] AndroidManifest.xml:10:22-78
22
23    <uses-feature android:glEsVersion="0x00030000" />
23-->[:unityLibrary] AndroidManifest.xml:12:5-54
23-->[:unityLibrary] AndroidManifest.xml:12:19-51
24    <uses-feature
24-->[:unityLibrary] AndroidManifest.xml:13:5-15:36
25        android:name="android.hardware.vulkan.version"
25-->[:unityLibrary] AndroidManifest.xml:14:9-55
26        android:required="false" />
26-->[:unityLibrary] AndroidManifest.xml:15:9-33
27    <uses-feature
27-->[:unityLibrary] AndroidManifest.xml:16:5-18:36
28        android:name="android.hardware.location.gps"
28-->[:unityLibrary] AndroidManifest.xml:17:9-53
29        android:required="false" />
29-->[:unityLibrary] AndroidManifest.xml:18:9-33
30    <uses-feature
30-->[:unityLibrary] AndroidManifest.xml:19:5-21:36
31        android:name="android.hardware.location"
31-->[:unityLibrary] AndroidManifest.xml:20:9-49
32        android:required="false" />
32-->[:unityLibrary] AndroidManifest.xml:21:9-33
33    <uses-feature
33-->[:unityLibrary] AndroidManifest.xml:22:5-24:36
34        android:name="android.hardware.touchscreen"
34-->[:unityLibrary] AndroidManifest.xml:23:9-52
35        android:required="false" />
35-->[:unityLibrary] AndroidManifest.xml:24:9-33
36    <uses-feature
36-->[:unityLibrary] AndroidManifest.xml:25:5-27:36
37        android:name="android.hardware.touchscreen.multitouch"
37-->[:unityLibrary] AndroidManifest.xml:26:9-63
38        android:required="false" />
38-->[:unityLibrary] AndroidManifest.xml:27:9-33
39    <uses-feature
39-->[:unityLibrary] AndroidManifest.xml:28:5-30:36
40        android:name="android.hardware.touchscreen.multitouch.distinct"
40-->[:unityLibrary] AndroidManifest.xml:29:9-72
41        android:required="false" />
41-->[:unityLibrary] AndroidManifest.xml:30:9-33
42
43    <application
43-->src\main\AndroidManifest.xml:3:3-83
44        android:extractNativeLibs="true"
44-->[:unityLibrary] AndroidManifest.xml:32:18-50
45        android:icon="@mipmap/app_icon"
45-->src\main\AndroidManifest.xml:3:49-80
46        android:label="@string/app_name" >
46-->src\main\AndroidManifest.xml:3:16-48
47        <meta-data
47-->[:unityLibrary] AndroidManifest.xml:33:9-35:33
48            android:name="unity.splash-mode"
48-->[:unityLibrary] AndroidManifest.xml:34:13-45
49            android:value="0" />
49-->[:unityLibrary] AndroidManifest.xml:35:13-30
50        <meta-data
50-->[:unityLibrary] AndroidManifest.xml:36:9-38:36
51            android:name="unity.splash-enable"
51-->[:unityLibrary] AndroidManifest.xml:37:13-47
52            android:value="True" />
52-->[:unityLibrary] AndroidManifest.xml:38:13-33
53        <meta-data
53-->[:unityLibrary] AndroidManifest.xml:39:9-41:36
54            android:name="unity.launch-fullscreen"
54-->[:unityLibrary] AndroidManifest.xml:40:13-51
55            android:value="True" />
55-->[:unityLibrary] AndroidManifest.xml:41:13-33
56        <meta-data
56-->[:unityLibrary] AndroidManifest.xml:42:9-44:36
57            android:name="unity.render-outside-safearea"
57-->[:unityLibrary] AndroidManifest.xml:43:13-57
58            android:value="True" />
58-->[:unityLibrary] AndroidManifest.xml:44:13-33
59        <meta-data
59-->[:unityLibrary] AndroidManifest.xml:45:9-47:50
60            android:name="notch.config"
60-->[:unityLibrary] AndroidManifest.xml:46:13-40
61            android:value="portrait|landscape" />
61-->[:unityLibrary] AndroidManifest.xml:47:13-47
62        <meta-data
62-->[:unityLibrary] AndroidManifest.xml:48:9-50:36
63            android:name="unity.auto-report-fully-drawn"
63-->[:unityLibrary] AndroidManifest.xml:49:13-57
64            android:value="true" />
64-->[:unityLibrary] AndroidManifest.xml:50:13-33
65
66        <activity
66-->[:unityLibrary] AndroidManifest.xml:52:9-73:20
67            android:name="com.unity3d.player.UnityPlayerActivity"
67-->[:unityLibrary] AndroidManifest.xml:53:13-66
68            android:configChanges="mcc|mnc|locale|touchscreen|keyboard|keyboardHidden|navigation|orientation|screenLayout|uiMode|screenSize|smallestScreenSize|fontScale|layoutDirection|density"
68-->[:unityLibrary] AndroidManifest.xml:54:13-194
69            android:exported="true"
69-->[:unityLibrary] AndroidManifest.xml:55:13-36
70            android:hardwareAccelerated="false"
70-->[:unityLibrary] AndroidManifest.xml:56:13-48
71            android:launchMode="singleTask"
71-->[:unityLibrary] AndroidManifest.xml:57:13-44
72            android:resizeableActivity="false"
72-->[:unityLibrary] AndroidManifest.xml:58:13-47
73            android:screenOrientation="fullUser"
73-->[:unityLibrary] AndroidManifest.xml:59:13-49
74            android:theme="@style/UnityThemeSelector" >
74-->[:unityLibrary] AndroidManifest.xml:60:13-54
75            <intent-filter>
75-->[:unityLibrary] AndroidManifest.xml:61:13-65:29
76                <category android:name="android.intent.category.LAUNCHER" />
76-->[:unityLibrary] AndroidManifest.xml:62:17-77
76-->[:unityLibrary] AndroidManifest.xml:62:27-74
77
78                <action android:name="android.intent.action.MAIN" />
78-->[:unityLibrary] AndroidManifest.xml:64:17-69
78-->[:unityLibrary] AndroidManifest.xml:64:25-66
79            </intent-filter>
80
81            <meta-data
81-->[:unityLibrary] AndroidManifest.xml:67:13-69:40
82                android:name="unityplayer.UnityActivity"
82-->[:unityLibrary] AndroidManifest.xml:68:17-57
83                android:value="true" />
83-->[:unityLibrary] AndroidManifest.xml:69:17-37
84            <meta-data
84-->[:unityLibrary] AndroidManifest.xml:70:13-72:40
85                android:name="notch_support"
85-->[:unityLibrary] AndroidManifest.xml:71:17-45
86                android:value="true" />
86-->[:unityLibrary] AndroidManifest.xml:72:17-37
87        </activity>
88    </application>
89
90</manifest>